<?xml version="1.0" encoding="UTF-8"?>
<!-- Generated by org.testng.reporters.JUnitReportReporter -->
<testsuite skipped="0" hostname="ATMECSINLT-033" name="com.atmecs.practice1.scripts.PhpTravlesScript" tests="1" failures="0" timestamp="28 Nov 2019 06:10:14 GMT" time="32.077" errors="0">
  <testcase name="phpTravlesIntegration" time="32.077" classname="com.atmecs.practice1.scripts.PhpTravlesScript"/>
</testsuite> <!-- com.atmecs.practice1.scripts.PhpTravlesScript -->
